<?xml version="1.0" encoding="UTF-8"?>
<!-- Generated by org.testng.reporters.JUnitReportReporter -->
<testsuite hostname="NavinSampath" failures="0" tests="1" name="Day1.TestNgExecution" time="2.500" errors="0" timestamp="2024-03-18T09:12:10 IST" skipped="0">
  <testcase classname="Day1.TestNgExecution" name="pass" time="2.500"/>
  <system-out/>
</testsuite> <!-- Day1.TestNgExecution -->
